# JRE version: OpenJDK Runtime Environment Temurin-17.0.13+11 (17.0.13+11) (build 17.0.13+11)
# Java VM: OpenJDK 64-Bit Server VM Temurin-17.0.13+11 (17.0.13+11, mixed mode, tiered, compressed oops, compressed class ptrs, parallel gc, windows-amd64)
GC Precious Log:
 CPUs: 4 total, 4 available
 Memory: 8025M
 Large Page Support: Disabled
 NUMA Support: Disabled
 Compressed Oops: Enabled (32-bit)
 Alignments: Space 512K, Generation 512K, Heap 2M
 Heap Min Capacity: 100M
 Heap Initial Capacity: 100M
 Heap Max Capacity: 1G
 Pre-touch: Disabled
 Parallel Workers: 4
Heap:
 PSYoungGen      total 22528K, used 5614K [0x00000000eab00000, 0x00000000ec380000, 0x0000000100000000)
  eden space 20992K, 19% used [0x00000000eab00000,0x00000000eaefd5c8,0x00000000ebf80000)
  from space 1536K, 99% used [0x00000000ec200000,0x00000000ec37e240,0x00000000ec380000)
  to   space 2048K, 0% used [0x00000000ec000000,0x00000000ec000000,0x00000000ec200000)
 ParOldGen       total 68608K, used 31525K [0x00000000c0000000, 0x00000000c4300000, 0x00000000eab00000)
  object space 68608K, 45% used [0x00000000c0000000,0x00000000c1ec96c0,0x00000000c4300000)
 Metaspace       used 53440K, committed 54528K, reserved 1114112K
  class space    used 5689K, committed 6144K, reserved 1048576K
GC Heap History (20 events):
Event: 44.648 GC heap before
{Heap before GC invocations=15 (full 2):
 PSYoungGen      total 21504K, used 20992K [0x00000000eab00000, 0x00000000ec380000, 0x0000000100000000)
  eden space 20992K, 100% used [0x00000000eab00000,0x00000000ebf80000,0x00000000ebf80000)
  from space 512K, 0% used [0x00000000ec300000,0x00000000ec300000,0x00000000ec380000)
  to   space 1024K, 0% used [0x00000000ec180000,0x00000000ec180000,0x00000000ec280000)
 ParOldGen       total 68608K, used 22001K [0x00000000c0000000, 0x00000000c4300000, 0x00000000eab00000)
  object space 68608K, 32% used [0x00000000c0000000,0x00000000c157c5c0,0x00000000c4300000)
 Metaspace       used 38277K, committed 39104K, reserved 1114112K
  class space    used 3806K, committed 4160K, reserved 1048576K
}
Event: 44.653 GC heap after
{Heap after GC invocations=15 (full 2):
 PSYoungGen      total 22016K, used 1008K [0x00000000eab00000, 0x00000000ec380000, 0x0000000100000000)
  eden space 20992K, 0% used [0x00000000eab00000,0x00000000eab00000,0x00000000ebf80000)
  from space 1024K, 98% used [0x00000000ec180000,0x00000000ec27c378,0x00000000ec280000)
  to   space 1024K, 0% used [0x00000000ec280000,0x00000000ec280000,0x00000000ec380000)
 ParOldGen       total 68608K, used 22025K [0x00000000c0000000, 0x00000000c4300000, 0x00000000eab00000)
  object space 68608K, 32% used [0x00000000c0000000,0x00000000c15825c0,0x00000000c4300000)
 Metaspace       used 38277K, committed 39104K, reserved 1114112K
  class space    used 3806K, committed 4160K, reserved 1048576K
}
Event: 45.446 GC heap before
{Heap before GC invocations=16 (full 2):
 PSYoungGen      total 22016K, used 22000K [0x00000000eab00000, 0x00000000ec380000, 0x0000000100000000)
  eden space 20992K, 100% used [0x00000000eab00000,0x00000000ebf80000,0x00000000ebf80000)
  from space 1024K, 98% used [0x00000000ec180000,0x00000000ec27c378,0x00000000ec280000)
  to   space 1024K, 0% used [0x00000000ec280000,0x00000000ec280000,0x00000000ec380000)
 ParOldGen       total 68608K, used 22025K [0x00000000c0000000, 0x00000000c4300000, 0x00000000eab00000)
  object space 68608K, 32% used [0x00000000c0000000,0x00000000c15825c0,0x00000000c4300000)
 Metaspace       used 40200K, committed 41024K, reserved 1114112K
  class space    used 4059K, committed 4416K, reserved 1048576K
}
Event: 45.449 GC heap after
{Heap after GC invocations=16 (full 2):
 PSYoungGen      total 22016K, used 768K [0x00000000eab00000, 0x00000000ec380000, 0x0000000100000000)
  eden space 20992K, 0% used [0x00000000eab00000,0x00000000eab00000,0x00000000ebf80000)
  from space 1024K, 75% used [0x00000000ec280000,0x00000000ec340000,0x00000000ec380000)
  to   space 1024K, 0% used [0x00000000ec180000,0x00000000ec180000,0x00000000ec280000)
 ParOldGen       total 68608K, used 22900K [0x00000000c0000000, 0x00000000c4300000, 0x00000000eab00000)
  object space 68608K, 33% used [0x00000000c0000000,0x00000000c165d090,0x00000000c4300000)
 Metaspace       used 40200K, committed 41024K, reserved 1114112K
  class space    used 4059K, committed 4416K, reserved 1048576K
}
Event: 45.884 GC heap before
{Heap before GC invocations=17 (full 2):
 PSYoungGen      total 22016K, used 21760K [0x00000000eab00000, 0x00000000ec380000, 0x0000000100000000)
  eden space 20992K, 100% used [0x00000000eab00000,0x00000000ebf80000,0x00000000ebf80000)
  from space 1024K, 75% used [0x00000000ec280000,0x00000000ec340000,0x00000000ec380000)
  to   space 1024K, 0% used [0x00000000ec180000,0x00000000ec180000,0x00000000ec280000)
 ParOldGen       total 68608K, used 22900K [0x00000000c0000000, 0x00000000c4300000, 0x00000000eab00000)
  object space 68608K, 33% used [0x00000000c0000000,0x00000000c165d090,0x00000000c4300000)
 Metaspace       used 41918K, committed 42880K, reserved 1114112K
  class space    used 4259K, committed 4672K, reserved 1048576K
}
Event: 45.888 GC heap after
{Heap after GC invocations=17 (full 2):
 PSYoungGen      total 22016K, used 661K [0x00000000eab00000, 0x00000000ec300000, 0x0000000100000000)
  eden space 20992K, 0% used [0x00000000eab00000,0x00000000eab00000,0x00000000ebf80000)
  from space 1024K, 64% used [0x00000000ec180000,0x00000000ec2256f0,0x00000000ec280000)
  to   space 512K, 0% used [0x00000000ec280000,0x00000000ec280000,0x00000000ec300000)
 ParOldGen       total 68608K, used 23561K [0x00000000c0000000, 0x00000000c4300000, 0x00000000eab00000)
  object space 68608K, 34% used [0x00000000c0000000,0x00000000c1702560,0x00000000c4300000)
 Metaspace       used 41918K, committed 42880K, reserved 1114112K
  class space    used 4259K, committed 4672K, reserved 1048576K
}
Event: 46.415 GC heap before
{Heap before GC invocations=18 (full 2):
 PSYoungGen      total 22016K, used 21652K [0x00000000eab00000, 0x00000000ec300000, 0x0000000100000000)
  eden space 20992K, 99% used [0x00000000eab00000,0x00000000ebf7fbc0,0x00000000ebf80000)
  from space 1024K, 64% used [0x00000000ec180000,0x00000000ec2256f0,0x00000000ec280000)
  to   space 512K, 0% used [0x00000000ec280000,0x00000000ec280000,0x00000000ec300000)
 ParOldGen       total 68608K, used 23561K [0x00000000c0000000, 0x00000000c4300000, 0x00000000eab00000)
  object space 68608K, 34% used [0x00000000c0000000,0x00000000c1702560,0x00000000c4300000)
 Metaspace       used 44123K, committed 45120K, reserved 1114112K
  class space    used 4573K, committed 4992K, reserved 1048576K
}
Event: 46.419 GC heap after
{Heap after GC invocations=18 (full 2):
 PSYoungGen      total 21504K, used 493K [0x00000000eab00000, 0x00000000ec300000, 0x0000000100000000)
  eden space 20992K, 0% used [0x00000000eab00000,0x00000000eab00000,0x00000000ebf80000)
  from space 512K, 96% used [0x00000000ec280000,0x00000000ec2fb500,0x00000000ec300000)
  to   space 1536K, 0% used [0x00000000ec000000,0x00000000ec000000,0x00000000ec180000)
 ParOldGen       total 68608K, used 24368K [0x00000000c0000000, 0x00000000c4300000, 0x00000000eab00000)
  object space 68608K, 35% used [0x00000000c0000000,0x00000000c17cc0f0,0x00000000c4300000)
 Metaspace       used 44123K, committed 45120K, reserved 1114112K
  class space    used 4573K, committed 4992K, reserved 1048576K
}
Event: 46.909 GC heap before
{Heap before GC invocations=19 (full 2):
 PSYoungGen      total 21504K, used 21485K [0x00000000eab00000, 0x00000000ec300000, 0x0000000100000000)
  eden space 20992K, 100% used [0x00000000eab00000,0x00000000ebf80000,0x00000000ebf80000)
  from space 512K, 96% used [0x00000000ec280000,0x00000000ec2fb500,0x00000000ec300000)
  to   space 1536K, 0% used [0x00000000ec000000,0x00000000ec000000,0x00000000ec180000)
 ParOldGen       total 68608K, used 24368K [0x00000000c0000000, 0x00000000c4300000, 0x00000000eab00000)
  object space 68608K, 35% used [0x00000000c0000000,0x00000000c17cc0f0,0x00000000c4300000)
 Metaspace       used 46124K, committed 47104K, reserved 1114112K
  class space    used 4838K, committed 5248K, reserved 1048576K
}
Event: 46.913 GC heap after
{Heap after GC invocations=19 (full 2):
 PSYoungGen      total 22528K, used 1444K [0x00000000eab00000, 0x00000000ec300000, 0x0000000100000000)
  eden space 20992K, 0% used [0x00000000eab00000,0x00000000eab00000,0x00000000ebf80000)
  from space 1536K, 94% used [0x00000000ec000000,0x00000000ec1691f0,0x00000000ec180000)
  to   space 1536K, 0% used [0x00000000ec180000,0x00000000ec180000,0x00000000ec300000)
 ParOldGen       total 68608K, used 24873K [0x00000000c0000000, 0x00000000c4300000, 0x00000000eab00000)
  object space 68608K, 36% used [0x00000000c0000000,0x00000000c184a730,0x00000000c4300000)
 Metaspace       used 46124K, committed 47104K, reserved 1114112K
  class space    used 4838K, committed 5248K, reserved 1048576K
}
Event: 47.634 GC heap before
{Heap before GC invocations=20 (full 2):
 PSYoungGen      total 22528K, used 22436K [0x00000000eab00000, 0x00000000ec300000, 0x0000000100000000)
  eden space 20992K, 100% used [0x00000000eab00000,0x00000000ebf80000,0x00000000ebf80000)
  from space 1536K, 94% used [0x00000000ec000000,0x00000000ec1691f0,0x00000000ec180000)
  to   space 1536K, 0% used [0x00000000ec180000,0x00000000ec180000,0x00000000ec300000)
 ParOldGen       total 68608K, used 24873K [0x00000000c0000000, 0x00000000c4300000, 0x00000000eab00000)
  object space 68608K, 36% used [0x00000000c0000000,0x00000000c184a730,0x00000000c4300000)
 Metaspace       used 47392K, committed 48384K, reserved 1114112K
  class space    used 4964K, committed 5376K, reserved 1048576K
}
Event: 47.637 GC heap after
{Heap after GC invocations=20 (full 2):
 PSYoungGen      total 22528K, used 1170K [0x00000000eab00000, 0x00000000ec300000, 0x0000000100000000)
  eden space 20992K, 0% used [0x00000000eab00000,0x00000000eab00000,0x00000000ebf80000)
  from space 1536K, 76% used [0x00000000ec180000,0x00000000ec2a48f8,0x00000000ec300000)
  to   space 1536K, 0% used [0x00000000ec000000,0x00000000ec000000,0x00000000ec180000)
 ParOldGen       total 68608K, used 25826K [0x00000000c0000000, 0x00000000c4300000, 0x00000000eab00000)
  object space 68608K, 37% used [0x00000000c0000000,0x00000000c1938920,0x00000000c4300000)
 Metaspace       used 47392K, committed 48384K, reserved 1114112K
  class space    used 4964K, committed 5376K, reserved 1048576K
}
Event: 48.458 GC heap before
{Heap before GC invocations=21 (full 2):
 PSYoungGen      total 22528K, used 22162K [0x00000000eab00000, 0x00000000ec300000, 0x0000000100000000)
  eden space 20992K, 100% used [0x00000000eab00000,0x00000000ebf80000,0x00000000ebf80000)
  from space 1536K, 76% used [0x00000000ec180000,0x00000000ec2a48f8,0x00000000ec300000)
  to   space 1536K, 0% used [0x00000000ec000000,0x00000000ec000000,0x00000000ec180000)
 ParOldGen       total 68608K, used 25826K [0x00000000c0000000, 0x00000000c4300000, 0x00000000eab00000)
  object space 68608K, 37% used [0x00000000c0000000,0x00000000c1938920,0x00000000c4300000)
 Metaspace       used 49398K, committed 50432K, reserved 1114112K
  class space    used 5220K, committed 5632K, reserved 1048576K
}
Event: 48.465 GC heap after
{Heap after GC invocations=21 (full 2):
 PSYoungGen      total 22528K, used 1536K [0x00000000eab00000, 0x00000000ec580000, 0x0000000100000000)
  eden space 20992K, 0% used [0x00000000eab00000,0x00000000eab00000,0x00000000ebf80000)
  from space 1536K, 100% used [0x00000000ec000000,0x00000000ec180000,0x00000000ec180000)
  to   space 3072K, 0% used [0x00000000ec280000,0x00000000ec280000,0x00000000ec580000)
 ParOldGen       total 68608K, used 26842K [0x00000000c0000000, 0x00000000c4300000, 0x00000000eab00000)
  object space 68608K, 39% used [0x00000000c0000000,0x00000000c1a36a48,0x00000000c4300000)
 Metaspace       used 49398K, committed 50432K, reserved 1114112K
  class space    used 5220K, committed 5632K, reserved 1048576K
}
Event: 49.420 GC heap before
{Heap before GC invocations=22 (full 2):
 PSYoungGen      total 22528K, used 22528K [0x00000000eab00000, 0x00000000ec580000, 0x0000000100000000)
  eden space 20992K, 100% used [0x00000000eab00000,0x00000000ebf80000,0x00000000ebf80000)
  from space 1536K, 100% used [0x00000000ec000000,0x00000000ec180000,0x00000000ec180000)
  to   space 3072K, 0% used [0x00000000ec280000,0x00000000ec280000,0x00000000ec580000)
 ParOldGen       total 68608K, used 26842K [0x00000000c0000000, 0x00000000c4300000, 0x00000000eab00000)
  object space 68608K, 39% used [0x00000000c0000000,0x00000000c1a36a48,0x00000000c4300000)
 Metaspace       used 50708K, committed 51776K, reserved 1114112K
  class space    used 5375K, committed 5824K, reserved 1048576K
}
Event: 49.425 GC heap after
{Heap after GC invocations=22 (full 2):
 PSYoungGen      total 22528K, used 1280K [0x00000000eab00000, 0x00000000ec400000, 0x0000000100000000)
  eden space 20992K, 0% used [0x00000000eab00000,0x00000000eab00000,0x00000000ebf80000)
  from space 1536K, 83% used [0x00000000ec280000,0x00000000ec3c0000,0x00000000ec400000)
  to   space 2048K, 0% used [0x00000000ec000000,0x00000000ec000000,0x00000000ec200000)
 ParOldGen       total 68608K, used 28374K [0x00000000c0000000, 0x00000000c4300000, 0x00000000eab00000)
  object space 68608K, 41% used [0x00000000c0000000,0x00000000c1bb5a58,0x00000000c4300000)
 Metaspace       used 50708K, committed 51776K, reserved 1114112K
  class space    used 5375K, committed 5824K, reserved 1048576K
}
Event: 50.250 GC heap before
{Heap before GC invocations=23 (full 2):
 PSYoungGen      total 22528K, used 22272K [0x00000000eab00000, 0x00000000ec400000, 0x0000000100000000)
  eden space 20992K, 100% used [0x00000000eab00000,0x00000000ebf80000,0x00000000ebf80000)
  from space 1536K, 83% used [0x00000000ec280000,0x00000000ec3c0000,0x00000000ec400000)
  to   space 2048K, 0% used [0x00000000ec000000,0x00000000ec000000,0x00000000ec200000)
 ParOldGen       total 68608K, used 28374K [0x00000000c0000000, 0x00000000c4300000, 0x00000000eab00000)
  object space 68608K, 41% used [0x00000000c0000000,0x00000000c1bb5a58,0x00000000c4300000)
 Metaspace       used 52471K, committed 53568K, reserved 1114112K
  class space    used 5584K, committed 6016K, reserved 1048576K
}
Event: 50.258 GC heap after
{Heap after GC invocations=23 (full 2):
 PSYoungGen      total 23040K, used 1606K [0x00000000eab00000, 0x00000000ec380000, 0x0000000100000000)
  eden space 20992K, 0% used [0x00000000eab00000,0x00000000eab00000,0x00000000ebf80000)
  from space 2048K, 78% used [0x00000000ec000000,0x00000000ec191a90,0x00000000ec200000)
  to   space 1536K, 0% used [0x00000000ec200000,0x00000000ec200000,0x00000000ec380000)
 ParOldGen       total 68608K, used 29538K [0x00000000c0000000, 0x00000000c4300000, 0x00000000eab00000)
  object space 68608K, 43% used [0x00000000c0000000,0x00000000c1cd8a68,0x00000000c4300000)
 Metaspace       used 52471K, committed 53568K, reserved 1114112K
  class space    used 5584K, committed 6016K, reserved 1048576K
}
Event: 51.030 GC heap before
{Heap before GC invocations=24 (full 2):
 PSYoungGen      total 23040K, used 22598K [0x00000000eab00000, 0x00000000ec380000, 0x0000000100000000)
  eden space 20992K, 100% used [0x00000000eab00000,0x00000000ebf80000,0x00000000ebf80000)
  from space 2048K, 78% used [0x00000000ec000000,0x00000000ec191a90,0x00000000ec200000)
  to   space 1536K, 0% used [0x00000000ec200000,0x00000000ec200000,0x00000000ec380000)
 ParOldGen       total 68608K, used 29538K [0x00000000c0000000, 0x00000000c4300000, 0x00000000eab00000)
  object space 68608K, 43% used [0x00000000c0000000,0x00000000c1cd8a68,0x00000000c4300000)
 Metaspace       used 53350K, committed 54464K, reserved 1114112K
  class space    used 5679K, committed 6144K, reserved 1048576K
}
Event: 51.037 GC heap after
{Heap after GC invocations=24 (full 2):
 PSYoungGen      total 22528K, used 1528K [0x00000000eab00000, 0x00000000ec380000, 0x0000000100000000)
  eden space 20992K, 0% used [0x00000000eab00000,0x00000000eab00000,0x00000000ebf80000)
  from space 1536K, 99% used [0x00000000ec200000,0x00000000ec37e240,0x00000000ec380000)
  to   space 2048K, 0% used [0x00000000ec000000,0x00000000ec000000,0x00000000ec200000)
 ParOldGen       total 68608K, used 31525K [0x00000000c0000000, 0x00000000c4300000, 0x00000000eab00000)
  object space 68608K, 45% used [0x00000000c0000000,0x00000000c1ec96c0,0x00000000c4300000)
 Metaspace       used 53350K, committed 54464K, reserved 1114112K
  class space    used 5679K, committed 6144K, reserved 1048576K
}

