# JRE version: OpenJDK Runtime Environment Temurin-17.0.13+11 (17.0.13+11) (build 17.0.13+11)
# Java VM: OpenJDK 64-Bit Server VM Temurin-17.0.13+11 (17.0.13+11, mixed mode, tiered, compressed oops, compressed class ptrs, parallel gc, windows-amd64)
GC Precious Log:
 CPUs: 4 total, 4 available
 Memory: 8025M
 Large Page Support: Disabled
 NUMA Support: Disabled
 Compressed Oops: Enabled (32-bit)
 Alignments: Space 512K, Generation 512K, Heap 2M
 Heap Min Capacity: 100M
 Heap Initial Capacity: 100M
 Heap Max Capacity: 1G
 Pre-touch: Disabled
 Parallel Workers: 4
Heap:
 PSYoungGen      total 7680K, used 6395K [0x00000000eab00000, 0x00000000eb680000, 0x0000000100000000)
  eden space 4096K, 79% used [0x00000000eab00000,0x00000000eae29d60,0x00000000eaf00000)
  from space 3584K, 88% used [0x00000000eaf00000,0x00000000eb214fa8,0x00000000eb280000)
  to   space 3584K, 0% used [0x00000000eb300000,0x00000000eb300000,0x00000000eb680000)
 ParOldGen       total 495104K, used 493911K [0x00000000c0000000, 0x00000000de380000, 0x00000000eab00000)
  object space 495104K, 99% used [0x00000000c0000000,0x00000000de255c90,0x00000000de380000)
 Metaspace       used 84621K, committed 86016K, reserved 1179648K
  class space    used 9243K, committed 9856K, reserved 1048576K
GC Heap History (20 events):
Event: 122.729 GC heap before
{Heap before GC invocations=881 (full 23):
 PSYoungGen      total 9728K, used 8955K [0x00000000eab00000, 0x00000000ebb00000, 0x0000000100000000)
  eden space 2560K, 100% used [0x00000000eab00000,0x00000000ead80000,0x00000000ead80000)
  from space 7168K, 89% used [0x00000000ead80000,0x00000000eb3bec08,0x00000000eb480000)
  to   space 6656K, 0% used [0x00000000eb480000,0x00000000eb480000,0x00000000ebb00000)
 ParOldGen       total 495104K, used 486727K [0x00000000c0000000, 0x00000000de380000, 0x00000000eab00000)
  object space 495104K, 98% used [0x00000000c0000000,0x00000000ddb51c90,0x00000000de380000)
 Metaspace       used 84621K, committed 86016K, reserved 1179648K
  class space    used 9243K, committed 9856K, reserved 1048576K
}
Event: 122.733 GC heap after
{Heap after GC invocations=881 (full 23):
 PSYoungGen      total 9216K, used 6651K [0x00000000eab00000, 0x00000000ebc00000, 0x0000000100000000)
  eden space 2560K, 0% used [0x00000000eab00000,0x00000000eab00000,0x00000000ead80000)
  from space 6656K, 99% used [0x00000000eb480000,0x00000000ebafec08,0x00000000ebb00000)
  to   space 7168K, 0% used [0x00000000ead80000,0x00000000ead80000,0x00000000eb480000)
 ParOldGen       total 495104K, used 486727K [0x00000000c0000000, 0x00000000de380000, 0x00000000eab00000)
  object space 495104K, 98% used [0x00000000c0000000,0x00000000ddb51c90,0x00000000de380000)
 Metaspace       used 84621K, committed 86016K, reserved 1179648K
  class space    used 9243K, committed 9856K, reserved 1048576K
}
Event: 122.900 GC heap before
{Heap before GC invocations=882 (full 23):
 PSYoungGen      total 9216K, used 9211K [0x00000000eab00000, 0x00000000ebc00000, 0x0000000100000000)
  eden space 2560K, 100% used [0x00000000eab00000,0x00000000ead80000,0x00000000ead80000)
  from space 6656K, 99% used [0x00000000eb480000,0x00000000ebafec08,0x00000000ebb00000)
  to   space 7168K, 0% used [0x00000000ead80000,0x00000000ead80000,0x00000000eb480000)
 ParOldGen       total 495104K, used 486727K [0x00000000c0000000, 0x00000000de380000, 0x00000000eab00000)
  object space 495104K, 98% used [0x00000000c0000000,0x00000000ddb51c90,0x00000000de380000)
 Metaspace       used 84621K, committed 86016K, reserved 1179648K
  class space    used 9243K, committed 9856K, reserved 1048576K
}
Event: 122.908 GC heap after
{Heap after GC invocations=882 (full 23):
 PSYoungGen      total 9728K, used 6998K [0x00000000eab00000, 0x00000000ebc00000, 0x0000000100000000)
  eden space 2560K, 0% used [0x00000000eab00000,0x00000000eab00000,0x00000000ead80000)
  from space 7168K, 97% used [0x00000000ead80000,0x00000000eb455808,0x00000000eb480000)
  to   space 7168K, 0% used [0x00000000eb500000,0x00000000eb500000,0x00000000ebc00000)
 ParOldGen       total 495104K, used 486727K [0x00000000c0000000, 0x00000000de380000, 0x00000000eab00000)
  object space 495104K, 98% used [0x00000000c0000000,0x00000000ddb51c90,0x00000000de380000)
 Metaspace       used 84621K, committed 86016K, reserved 1179648K
  class space    used 9243K, committed 9856K, reserved 1048576K
}
Event: 122.918 GC heap before
{Heap before GC invocations=883 (full 23):
 PSYoungGen      total 9728K, used 9558K [0x00000000eab00000, 0x00000000ebc00000, 0x0000000100000000)
  eden space 2560K, 100% used [0x00000000eab00000,0x00000000ead80000,0x00000000ead80000)
  from space 7168K, 97% used [0x00000000ead80000,0x00000000eb455808,0x00000000eb480000)
  to   space 7168K, 0% used [0x00000000eb500000,0x00000000eb500000,0x00000000ebc00000)
 ParOldGen       total 495104K, used 486727K [0x00000000c0000000, 0x00000000de380000, 0x00000000eab00000)
  object space 495104K, 98% used [0x00000000c0000000,0x00000000ddb51c90,0x00000000de380000)
 Metaspace       used 84621K, committed 86016K, reserved 1179648K
  class space    used 9243K, committed 9856K, reserved 1048576K
}
Event: 122.929 GC heap after
{Heap after GC invocations=883 (full 23):
 PSYoungGen      total 9728K, used 7158K [0x00000000eab00000, 0x00000000ebd00000, 0x0000000100000000)
  eden space 2560K, 0% used [0x00000000eab00000,0x00000000eab00000,0x00000000ead80000)
  from space 7168K, 99% used [0x00000000eb500000,0x00000000ebbfd808,0x00000000ebc00000)
  to   space 7680K, 0% used [0x00000000ead80000,0x00000000ead80000,0x00000000eb500000)
 ParOldGen       total 495104K, used 486775K [0x00000000c0000000, 0x00000000de380000, 0x00000000eab00000)
  object space 495104K, 98% used [0x00000000c0000000,0x00000000ddb5dc90,0x00000000de380000)
 Metaspace       used 84621K, committed 86016K, reserved 1179648K
  class space    used 9243K, committed 9856K, reserved 1048576K
}
Event: 122.939 GC heap before
{Heap before GC invocations=884 (full 23):
 PSYoungGen      total 9728K, used 9717K [0x00000000eab00000, 0x00000000ebd00000, 0x0000000100000000)
  eden space 2560K, 99% used [0x00000000eab00000,0x00000000ead7ff90,0x00000000ead80000)
  from space 7168K, 99% used [0x00000000eb500000,0x00000000ebbfd808,0x00000000ebc00000)
  to   space 7680K, 0% used [0x00000000ead80000,0x00000000ead80000,0x00000000eb500000)
 ParOldGen       total 495104K, used 486775K [0x00000000c0000000, 0x00000000de380000, 0x00000000eab00000)
  object space 495104K, 98% used [0x00000000c0000000,0x00000000ddb5dc90,0x00000000de380000)
 Metaspace       used 84621K, committed 86016K, reserved 1179648K
  class space    used 9243K, committed 9856K, reserved 1048576K
}
Event: 122.944 GC heap after
{Heap after GC invocations=884 (full 23):
 PSYoungGen      total 8704K, used 5878K [0x00000000eab00000, 0x00000000ebb00000, 0x0000000100000000)
  eden space 2560K, 0% used [0x00000000eab00000,0x00000000eab00000,0x00000000ead80000)
  from space 6144K, 95% used [0x00000000ead80000,0x00000000eb33d808,0x00000000eb380000)
  to   space 6656K, 0% used [0x00000000eb480000,0x00000000eb480000,0x00000000ebb00000)
 ParOldGen       total 495104K, used 488455K [0x00000000c0000000, 0x00000000de380000, 0x00000000eab00000)
  object space 495104K, 98% used [0x00000000c0000000,0x00000000ddd01c90,0x00000000de380000)
 Metaspace       used 84621K, committed 86016K, reserved 1179648K
  class space    used 9243K, committed 9856K, reserved 1048576K
}
Event: 123.167 GC heap before
{Heap before GC invocations=885 (full 23):
 PSYoungGen      total 8704K, used 8438K [0x00000000eab00000, 0x00000000ebb00000, 0x0000000100000000)
  eden space 2560K, 100% used [0x00000000eab00000,0x00000000ead80000,0x00000000ead80000)
  from space 6144K, 95% used [0x00000000ead80000,0x00000000eb33d808,0x00000000eb380000)
  to   space 6656K, 0% used [0x00000000eb480000,0x00000000eb480000,0x00000000ebb00000)
 ParOldGen       total 495104K, used 488455K [0x00000000c0000000, 0x00000000de380000, 0x00000000eab00000)
  object space 495104K, 98% used [0x00000000c0000000,0x00000000ddd01c90,0x00000000de380000)
 Metaspace       used 84621K, committed 86016K, reserved 1179648K
  class space    used 9243K, committed 9856K, reserved 1048576K
}
Event: 123.178 GC heap after
{Heap after GC invocations=885 (full 23):
 PSYoungGen      total 8192K, used 5100K [0x00000000eab00000, 0x00000000eb980000, 0x0000000100000000)
  eden space 3072K, 0% used [0x00000000eab00000,0x00000000eab00000,0x00000000eae00000)
  from space 5120K, 99% used [0x00000000eb480000,0x00000000eb97b008,0x00000000eb980000)
  to   space 5632K, 0% used [0x00000000eae80000,0x00000000eae80000,0x00000000eb400000)
 ParOldGen       total 495104K, used 489535K [0x00000000c0000000, 0x00000000de380000, 0x00000000eab00000)
  object space 495104K, 98% used [0x00000000c0000000,0x00000000dde0fc90,0x00000000de380000)
 Metaspace       used 84621K, committed 86016K, reserved 1179648K
  class space    used 9243K, committed 9856K, reserved 1048576K
}
Event: 123.215 GC heap before
{Heap before GC invocations=886 (full 23):
 PSYoungGen      total 8192K, used 8172K [0x00000000eab00000, 0x00000000eb980000, 0x0000000100000000)
  eden space 3072K, 100% used [0x00000000eab00000,0x00000000eae00000,0x00000000eae00000)
  from space 5120K, 99% used [0x00000000eb480000,0x00000000eb97b008,0x00000000eb980000)
  to   space 5632K, 0% used [0x00000000eae80000,0x00000000eae80000,0x00000000eb400000)
 ParOldGen       total 495104K, used 489535K [0x00000000c0000000, 0x00000000de380000, 0x00000000eab00000)
  object space 495104K, 98% used [0x00000000c0000000,0x00000000dde0fc90,0x00000000de380000)
 Metaspace       used 84621K, committed 86016K, reserved 1179648K
  class space    used 9243K, committed 9856K, reserved 1048576K
}
Event: 123.225 GC heap after
{Heap after GC invocations=886 (full 23):
 PSYoungGen      total 7680K, used 3980K [0x00000000eab00000, 0x00000000eb800000, 0x0000000100000000)
  eden space 3584K, 0% used [0x00000000eab00000,0x00000000eab00000,0x00000000eae80000)
  from space 4096K, 97% used [0x00000000eae80000,0x00000000eb263008,0x00000000eb280000)
  to   space 4608K, 0% used [0x00000000eb380000,0x00000000eb380000,0x00000000eb800000)
 ParOldGen       total 495104K, used 491039K [0x00000000c0000000, 0x00000000de380000, 0x00000000eab00000)
  object space 495104K, 99% used [0x00000000c0000000,0x00000000ddf87c90,0x00000000de380000)
 Metaspace       used 84621K, committed 86016K, reserved 1179648K
  class space    used 9243K, committed 9856K, reserved 1048576K
}
Event: 123.440 GC heap before
{Heap before GC invocations=887 (full 23):
 PSYoungGen      total 7680K, used 7564K [0x00000000eab00000, 0x00000000eb800000, 0x0000000100000000)
  eden space 3584K, 100% used [0x00000000eab00000,0x00000000eae80000,0x00000000eae80000)
  from space 4096K, 97% used [0x00000000eae80000,0x00000000eb263008,0x00000000eb280000)
  to   space 4608K, 0% used [0x00000000eb380000,0x00000000eb380000,0x00000000eb800000)
 ParOldGen       total 495104K, used 491039K [0x00000000c0000000, 0x00000000de380000, 0x00000000eab00000)
  object space 495104K, 99% used [0x00000000c0000000,0x00000000ddf87c90,0x00000000de380000)
 Metaspace       used 84621K, committed 86016K, reserved 1179648K
  class space    used 9243K, committed 9856K, reserved 1048576K
}
Event: 123.443 GC heap after
{Heap after GC invocations=887 (full 23):
 PSYoungGen      total 7168K, used 2636K [0x00000000eab00000, 0x00000000eb680000, 0x0000000100000000)
  eden space 4096K, 0% used [0x00000000eab00000,0x00000000eab00000,0x00000000eaf00000)
  from space 3072K, 85% used [0x00000000eb380000,0x00000000eb613008,0x00000000eb680000)
  to   space 3584K, 0% used [0x00000000eaf80000,0x00000000eaf80000,0x00000000eb300000)
 ParOldGen       total 495104K, used 492751K [0x00000000c0000000, 0x00000000de380000, 0x00000000eab00000)
  object space 495104K, 99% used [0x00000000c0000000,0x00000000de133c90,0x00000000de380000)
 Metaspace       used 84621K, committed 86016K, reserved 1179648K
  class space    used 9243K, committed 9856K, reserved 1048576K
}
Event: 123.465 GC heap before
{Heap before GC invocations=888 (full 23):
 PSYoungGen      total 7168K, used 6732K [0x00000000eab00000, 0x00000000eb680000, 0x0000000100000000)
  eden space 4096K, 100% used [0x00000000eab00000,0x00000000eaf00000,0x00000000eaf00000)
  from space 3072K, 85% used [0x00000000eb380000,0x00000000eb613008,0x00000000eb680000)
  to   space 3584K, 0% used [0x00000000eaf80000,0x00000000eaf80000,0x00000000eb300000)
 ParOldGen       total 495104K, used 492751K [0x00000000c0000000, 0x00000000de380000, 0x00000000eab00000)
  object space 495104K, 99% used [0x00000000c0000000,0x00000000de133c90,0x00000000de380000)
 Metaspace       used 84621K, committed 86016K, reserved 1179648K
  class space    used 9243K, committed 9856K, reserved 1048576K
}
Event: 123.467 GC heap after
{Heap after GC invocations=888 (full 23):
 PSYoungGen      total 7680K, used 2796K [0x00000000eab00000, 0x00000000eb580000, 0x0000000100000000)
  eden space 4608K, 0% used [0x00000000eab00000,0x00000000eab00000,0x00000000eaf80000)
  from space 3072K, 91% used [0x00000000eaf80000,0x00000000eb23b008,0x00000000eb280000)
  to   space 3072K, 0% used [0x00000000eb280000,0x00000000eb280000,0x00000000eb580000)
 ParOldGen       total 495104K, used 493047K [0x00000000c0000000, 0x00000000de380000, 0x00000000eab00000)
  object space 495104K, 99% used [0x00000000c0000000,0x00000000de17dc90,0x00000000de380000)
 Metaspace       used 84621K, committed 86016K, reserved 1179648K
  class space    used 9243K, committed 9856K, reserved 1048576K
}
Event: 123.672 GC heap before
{Heap before GC invocations=889 (full 23):
 PSYoungGen      total 7680K, used 7404K [0x00000000eab00000, 0x00000000eb580000, 0x0000000100000000)
  eden space 4608K, 100% used [0x00000000eab00000,0x00000000eaf80000,0x00000000eaf80000)
  from space 3072K, 91% used [0x00000000eaf80000,0x00000000eb23b008,0x00000000eb280000)
  to   space 3072K, 0% used [0x00000000eb280000,0x00000000eb280000,0x00000000eb580000)
 ParOldGen       total 495104K, used 493047K [0x00000000c0000000, 0x00000000de380000, 0x00000000eab00000)
  object space 495104K, 99% used [0x00000000c0000000,0x00000000de17dc90,0x00000000de380000)
 Metaspace       used 84621K, committed 86016K, reserved 1179648K
  class space    used 9243K, committed 9856K, reserved 1048576K
}
Event: 123.675 GC heap after
{Heap after GC invocations=889 (full 23):
 PSYoungGen      total 7168K, used 3052K [0x00000000eab00000, 0x00000000eb700000, 0x0000000100000000)
  eden space 4096K, 0% used [0x00000000eab00000,0x00000000eab00000,0x00000000eaf00000)
  from space 3072K, 99% used [0x00000000eb280000,0x00000000eb57b008,0x00000000eb580000)
  to   space 3584K, 0% used [0x00000000eaf00000,0x00000000eaf00000,0x00000000eb280000)
 ParOldGen       total 495104K, used 493343K [0x00000000c0000000, 0x00000000de380000, 0x00000000eab00000)
  object space 495104K, 99% used [0x00000000c0000000,0x00000000de1c7c90,0x00000000de380000)
 Metaspace       used 84621K, committed 86016K, reserved 1179648K
  class space    used 9243K, committed 9856K, reserved 1048576K
}
Event: 123.715 GC heap before
{Heap before GC invocations=890 (full 23):
 PSYoungGen      total 7168K, used 7148K [0x00000000eab00000, 0x00000000eb700000, 0x0000000100000000)
  eden space 4096K, 100% used [0x00000000eab00000,0x00000000eaf00000,0x00000000eaf00000)
  from space 3072K, 99% used [0x00000000eb280000,0x00000000eb57b008,0x00000000eb580000)
  to   space 3584K, 0% used [0x00000000eaf00000,0x00000000eaf00000,0x00000000eb280000)
 ParOldGen       total 495104K, used 493343K [0x00000000c0000000, 0x00000000de380000, 0x00000000eab00000)
  object space 495104K, 99% used [0x00000000c0000000,0x00000000de1c7c90,0x00000000de380000)
 Metaspace       used 84621K, committed 86016K, reserved 1179648K
  class space    used 9243K, committed 9856K, reserved 1048576K
}
Event: 123.718 GC heap after
{Heap after GC invocations=890 (full 23):
 PSYoungGen      total 7680K, used 3155K [0x00000000eab00000, 0x00000000eb680000, 0x0000000100000000)
  eden space 4096K, 0% used [0x00000000eab00000,0x00000000eab00000,0x00000000eaf00000)
  from space 3584K, 88% used [0x00000000eaf00000,0x00000000eb214fa8,0x00000000eb280000)
  to   space 3584K, 0% used [0x00000000eb300000,0x00000000eb300000,0x00000000eb680000)
 ParOldGen       total 495104K, used 493911K [0x00000000c0000000, 0x00000000de380000, 0x00000000eab00000)
  object space 495104K, 99% used [0x00000000c0000000,0x00000000de255c90,0x00000000de380000)
 Metaspace       used 84621K, committed 86016K, reserved 1179648K
  class space    used 9243K, committed 9856K, reserved 1048576K
}

