# JRE version: OpenJDK Runtime Environment Temurin-17.0.13+11 (17.0.13+11) (build 17.0.13+11)
# Java VM: OpenJDK 64-Bit Server VM Temurin-17.0.13+11 (17.0.13+11, mixed mode, tiered, compressed oops, compressed class ptrs, parallel gc, windows-amd64)
GC Precious Log:
 CPUs: 4 total, 4 available
 Memory: 8025M
 Large Page Support: Disabled
 NUMA Support: Disabled
 Compressed Oops: Enabled (32-bit)
 Alignments: Space 512K, Generation 512K, Heap 2M
 Heap Min Capacity: 100M
 Heap Initial Capacity: 100M
 Heap Max Capacity: 1G
 Pre-touch: Disabled
 Parallel Workers: 4
Heap:
 PSYoungGen      total 2560K, used 1613K [0x00000000eab00000, 0x00000000eaf00000, 0x0000000100000000)
  eden space 2048K, 54% used [0x00000000eab00000,0x00000000eac150f8,0x00000000ead00000)
  from space 512K, 98% used [0x00000000ead80000,0x00000000eadfe410,0x00000000eae00000)
  to   space 1024K, 0% used [0x00000000eae00000,0x00000000eae00000,0x00000000eaf00000)
 ParOldGen       total 159232K, used 143444K [0x00000000c0000000, 0x00000000c9b80000, 0x00000000eab00000)
  object space 159232K, 90% used [0x00000000c0000000,0x00000000c8c150d0,0x00000000c9b80000)
 Metaspace       used 82353K, committed 83520K, reserved 1179648K
  class space    used 9030K, committed 9536K, reserved 1048576K
GC Heap History (20 events):
Event: 45.286 GC heap after
{Heap after GC invocations=216 (full 8):
 PSYoungGen      total 3072K, used 243K [0x00000000eab00000, 0x00000000eae80000, 0x0000000100000000)
  eden space 2048K, 0% used [0x00000000eab00000,0x00000000eab00000,0x00000000ead00000)
  from space 1024K, 23% used [0x00000000ead00000,0x00000000ead3cc08,0x00000000eae00000)
  to   space 512K, 0% used [0x00000000eae00000,0x00000000eae00000,0x00000000eae80000)
 ParOldGen       total 159232K, used 141997K [0x00000000c0000000, 0x00000000c9b80000, 0x00000000eab00000)
  object space 159232K, 89% used [0x00000000c0000000,0x00000000c8aab608,0x00000000c9b80000)
 Metaspace       used 82322K, committed 83520K, reserved 1179648K
  class space    used 9022K, committed 9536K, reserved 1048576K
}
Event: 45.300 GC heap before
{Heap before GC invocations=217 (full 8):
 PSYoungGen      total 3072K, used 2290K [0x00000000eab00000, 0x00000000eae80000, 0x0000000100000000)
  eden space 2048K, 99% used [0x00000000eab00000,0x00000000eacfffd0,0x00000000ead00000)
  from space 1024K, 23% used [0x00000000ead00000,0x00000000ead3cc08,0x00000000eae00000)
  to   space 512K, 0% used [0x00000000eae00000,0x00000000eae00000,0x00000000eae80000)
 ParOldGen       total 159232K, used 141997K [0x00000000c0000000, 0x00000000c9b80000, 0x00000000eab00000)
  object space 159232K, 89% used [0x00000000c0000000,0x00000000c8aab608,0x00000000c9b80000)
 Metaspace       used 82327K, committed 83520K, reserved 1179648K
  class space    used 9023K, committed 9536K, reserved 1048576K
}
Event: 45.302 GC heap after
{Heap after GC invocations=217 (full 8):
 PSYoungGen      total 2560K, used 96K [0x00000000eab00000, 0x00000000eae80000, 0x0000000100000000)
  eden space 2048K, 0% used [0x00000000eab00000,0x00000000eab00000,0x00000000ead00000)
  from space 512K, 18% used [0x00000000eae00000,0x00000000eae18000,0x00000000eae80000)
  to   space 512K, 0% used [0x00000000ead80000,0x00000000ead80000,0x00000000eae00000)
 ParOldGen       total 159232K, used 142223K [0x00000000c0000000, 0x00000000c9b80000, 0x00000000eab00000)
  object space 159232K, 89% used [0x00000000c0000000,0x00000000c8ae3de0,0x00000000c9b80000)
 Metaspace       used 82327K, committed 83520K, reserved 1179648K
  class space    used 9023K, committed 9536K, reserved 1048576K
}
Event: 45.328 GC heap before
{Heap before GC invocations=218 (full 8):
 PSYoungGen      total 2560K, used 2144K [0x00000000eab00000, 0x00000000eae80000, 0x0000000100000000)
  eden space 2048K, 100% used [0x00000000eab00000,0x00000000ead00000,0x00000000ead00000)
  from space 512K, 18% used [0x00000000eae00000,0x00000000eae18000,0x00000000eae80000)
  to   space 512K, 0% used [0x00000000ead80000,0x00000000ead80000,0x00000000eae00000)
 ParOldGen       total 159232K, used 142223K [0x00000000c0000000, 0x00000000c9b80000, 0x00000000eab00000)
  object space 159232K, 89% used [0x00000000c0000000,0x00000000c8ae3de0,0x00000000c9b80000)
 Metaspace       used 82327K, committed 83520K, reserved 1179648K
  class space    used 9023K, committed 9536K, reserved 1048576K
}
Event: 45.329 GC heap after
{Heap after GC invocations=218 (full 8):
 PSYoungGen      total 2560K, used 128K [0x00000000eab00000, 0x00000000eae80000, 0x0000000100000000)
  eden space 2048K, 0% used [0x00000000eab00000,0x00000000eab00000,0x00000000ead00000)
  from space 512K, 25% used [0x00000000ead80000,0x00000000eada0000,0x00000000eae00000)
  to   space 512K, 0% used [0x00000000eae00000,0x00000000eae00000,0x00000000eae80000)
 ParOldGen       total 159232K, used 142271K [0x00000000c0000000, 0x00000000c9b80000, 0x00000000eab00000)
  object space 159232K, 89% used [0x00000000c0000000,0x00000000c8aefde0,0x00000000c9b80000)
 Metaspace       used 82327K, committed 83520K, reserved 1179648K
  class space    used 9023K, committed 9536K, reserved 1048576K
}
Event: 45.351 GC heap before
{Heap before GC invocations=219 (full 8):
 PSYoungGen      total 2560K, used 2176K [0x00000000eab00000, 0x00000000eae80000, 0x0000000100000000)
  eden space 2048K, 100% used [0x00000000eab00000,0x00000000ead00000,0x00000000ead00000)
  from space 512K, 25% used [0x00000000ead80000,0x00000000eada0000,0x00000000eae00000)
  to   space 512K, 0% used [0x00000000eae00000,0x00000000eae00000,0x00000000eae80000)
 ParOldGen       total 159232K, used 142271K [0x00000000c0000000, 0x00000000c9b80000, 0x00000000eab00000)
  object space 159232K, 89% used [0x00000000c0000000,0x00000000c8aefde0,0x00000000c9b80000)
 Metaspace       used 82327K, committed 83520K, reserved 1179648K
  class space    used 9023K, committed 9536K, reserved 1048576K
}
Event: 45.351 GC heap after
{Heap after GC invocations=219 (full 8):
 PSYoungGen      total 2560K, used 128K [0x00000000eab00000, 0x00000000eae80000, 0x0000000100000000)
  eden space 2048K, 0% used [0x00000000eab00000,0x00000000eab00000,0x00000000ead00000)
  from space 512K, 25% used [0x00000000eae00000,0x00000000eae20000,0x00000000eae80000)
  to   space 512K, 0% used [0x00000000ead80000,0x00000000ead80000,0x00000000eae00000)
 ParOldGen       total 159232K, used 142347K [0x00000000c0000000, 0x00000000c9b80000, 0x00000000eab00000)
  object space 159232K, 89% used [0x00000000c0000000,0x00000000c8b02ea0,0x00000000c9b80000)
 Metaspace       used 82327K, committed 83520K, reserved 1179648K
  class space    used 9023K, committed 9536K, reserved 1048576K
}
Event: 45.362 GC heap before
{Heap before GC invocations=220 (full 8):
 PSYoungGen      total 2560K, used 2176K [0x00000000eab00000, 0x00000000eae80000, 0x0000000100000000)
  eden space 2048K, 100% used [0x00000000eab00000,0x00000000ead00000,0x00000000ead00000)
  from space 512K, 25% used [0x00000000eae00000,0x00000000eae20000,0x00000000eae80000)
  to   space 512K, 0% used [0x00000000ead80000,0x00000000ead80000,0x00000000eae00000)
 ParOldGen       total 159232K, used 142347K [0x00000000c0000000, 0x00000000c9b80000, 0x00000000eab00000)
  object space 159232K, 89% used [0x00000000c0000000,0x00000000c8b02ea0,0x00000000c9b80000)
 Metaspace       used 82327K, committed 83520K, reserved 1179648K
  class space    used 9023K, committed 9536K, reserved 1048576K
}
Event: 45.363 GC heap after
{Heap after GC invocations=220 (full 8):
 PSYoungGen      total 2560K, used 192K [0x00000000eab00000, 0x00000000eae80000, 0x0000000100000000)
  eden space 2048K, 0% used [0x00000000eab00000,0x00000000eab00000,0x00000000ead00000)
  from space 512K, 37% used [0x00000000ead80000,0x00000000eadb0000,0x00000000eae00000)
  to   space 512K, 0% used [0x00000000eae00000,0x00000000eae00000,0x00000000eae80000)
 ParOldGen       total 159232K, used 142371K [0x00000000c0000000, 0x00000000c9b80000, 0x00000000eab00000)
  object space 159232K, 89% used [0x00000000c0000000,0x00000000c8b08ea0,0x00000000c9b80000)
 Metaspace       used 82327K, committed 83520K, reserved 1179648K
  class space    used 9023K, committed 9536K, reserved 1048576K
}
Event: 45.377 GC heap before
{Heap before GC invocations=221 (full 8):
 PSYoungGen      total 2560K, used 2240K [0x00000000eab00000, 0x00000000eae80000, 0x0000000100000000)
  eden space 2048K, 100% used [0x00000000eab00000,0x00000000ead00000,0x00000000ead00000)
  from space 512K, 37% used [0x00000000ead80000,0x00000000eadb0000,0x00000000eae00000)
  to   space 512K, 0% used [0x00000000eae00000,0x00000000eae00000,0x00000000eae80000)
 ParOldGen       total 159232K, used 142371K [0x00000000c0000000, 0x00000000c9b80000, 0x00000000eab00000)
  object space 159232K, 89% used [0x00000000c0000000,0x00000000c8b08ea0,0x00000000c9b80000)
 Metaspace       used 82327K, committed 83520K, reserved 1179648K
  class space    used 9023K, committed 9536K, reserved 1048576K
}
Event: 45.378 GC heap after
{Heap after GC invocations=221 (full 8):
 PSYoungGen      total 2560K, used 128K [0x00000000eab00000, 0x00000000eae80000, 0x0000000100000000)
  eden space 2048K, 0% used [0x00000000eab00000,0x00000000eab00000,0x00000000ead00000)
  from space 512K, 25% used [0x00000000eae00000,0x00000000eae20000,0x00000000eae80000)
  to   space 512K, 0% used [0x00000000ead80000,0x00000000ead80000,0x00000000eae00000)
 ParOldGen       total 159232K, used 142497K [0x00000000c0000000, 0x00000000c9b80000, 0x00000000eab00000)
  object space 159232K, 89% used [0x00000000c0000000,0x00000000c8b286a0,0x00000000c9b80000)
 Metaspace       used 82327K, committed 83520K, reserved 1179648K
  class space    used 9023K, committed 9536K, reserved 1048576K
}
Event: 45.387 GC heap before
{Heap before GC invocations=222 (full 8):
 PSYoungGen      total 2560K, used 2176K [0x00000000eab00000, 0x00000000eae80000, 0x0000000100000000)
  eden space 2048K, 100% used [0x00000000eab00000,0x00000000ead00000,0x00000000ead00000)
  from space 512K, 25% used [0x00000000eae00000,0x00000000eae20000,0x00000000eae80000)
  to   space 512K, 0% used [0x00000000ead80000,0x00000000ead80000,0x00000000eae00000)
 ParOldGen       total 159232K, used 142497K [0x00000000c0000000, 0x00000000c9b80000, 0x00000000eab00000)
  object space 159232K, 89% used [0x00000000c0000000,0x00000000c8b286a0,0x00000000c9b80000)
 Metaspace       used 82327K, committed 83520K, reserved 1179648K
  class space    used 9023K, committed 9536K, reserved 1048576K
}
Event: 45.389 GC heap after
{Heap after GC invocations=222 (full 8):
 PSYoungGen      total 2560K, used 192K [0x00000000eab00000, 0x00000000eae80000, 0x0000000100000000)
  eden space 2048K, 0% used [0x00000000eab00000,0x00000000eab00000,0x00000000ead00000)
  from space 512K, 37% used [0x00000000ead80000,0x00000000eadb0000,0x00000000eae00000)
  to   space 512K, 0% used [0x00000000eae00000,0x00000000eae00000,0x00000000eae80000)
 ParOldGen       total 159232K, used 142544K [0x00000000c0000000, 0x00000000c9b80000, 0x00000000eab00000)
  object space 159232K, 89% used [0x00000000c0000000,0x00000000c8b342d0,0x00000000c9b80000)
 Metaspace       used 82327K, committed 83520K, reserved 1179648K
  class space    used 9023K, committed 9536K, reserved 1048576K
}
Event: 45.400 GC heap before
{Heap before GC invocations=223 (full 8):
 PSYoungGen      total 2560K, used 2240K [0x00000000eab00000, 0x00000000eae80000, 0x0000000100000000)
  eden space 2048K, 100% used [0x00000000eab00000,0x00000000ead00000,0x00000000ead00000)
  from space 512K, 37% used [0x00000000ead80000,0x00000000eadb0000,0x00000000eae00000)
  to   space 512K, 0% used [0x00000000eae00000,0x00000000eae00000,0x00000000eae80000)
 ParOldGen       total 159232K, used 142544K [0x00000000c0000000, 0x00000000c9b80000, 0x00000000eab00000)
  object space 159232K, 89% used [0x00000000c0000000,0x00000000c8b342d0,0x00000000c9b80000)
 Metaspace       used 82327K, committed 83520K, reserved 1179648K
  class space    used 9023K, committed 9536K, reserved 1048576K
}
Event: 45.401 GC heap after
{Heap after GC invocations=223 (full 8):
 PSYoungGen      total 2560K, used 128K [0x00000000eab00000, 0x00000000eae80000, 0x0000000100000000)
  eden space 2048K, 0% used [0x00000000eab00000,0x00000000eab00000,0x00000000ead00000)
  from space 512K, 25% used [0x00000000eae00000,0x00000000eae20000,0x00000000eae80000)
  to   space 512K, 0% used [0x00000000ead80000,0x00000000ead80000,0x00000000eae00000)
 ParOldGen       total 159232K, used 142662K [0x00000000c0000000, 0x00000000c9b80000, 0x00000000eab00000)
  object space 159232K, 89% used [0x00000000c0000000,0x00000000c8b51a78,0x00000000c9b80000)
 Metaspace       used 82327K, committed 83520K, reserved 1179648K
  class space    used 9023K, committed 9536K, reserved 1048576K
}
Event: 45.545 GC heap before
{Heap before GC invocations=224 (full 8):
 PSYoungGen      total 2560K, used 2176K [0x00000000eab00000, 0x00000000eae80000, 0x0000000100000000)
  eden space 2048K, 100% used [0x00000000eab00000,0x00000000ead00000,0x00000000ead00000)
  from space 512K, 25% used [0x00000000eae00000,0x00000000eae20000,0x00000000eae80000)
  to   space 512K, 0% used [0x00000000ead80000,0x00000000ead80000,0x00000000eae00000)
 ParOldGen       total 159232K, used 142662K [0x00000000c0000000, 0x00000000c9b80000, 0x00000000eab00000)
  object space 159232K, 89% used [0x00000000c0000000,0x00000000c8b51a78,0x00000000c9b80000)
 Metaspace       used 82327K, committed 83520K, reserved 1179648K
  class space    used 9023K, committed 9536K, reserved 1048576K
}
Event: 45.546 GC heap after
{Heap after GC invocations=224 (full 8):
 PSYoungGen      total 2560K, used 224K [0x00000000eab00000, 0x00000000eae80000, 0x0000000100000000)
  eden space 2048K, 0% used [0x00000000eab00000,0x00000000eab00000,0x00000000ead00000)
  from space 512K, 43% used [0x00000000ead80000,0x00000000eadb8000,0x00000000eae00000)
  to   space 512K, 0% used [0x00000000eae00000,0x00000000eae00000,0x00000000eae80000)
 ParOldGen       total 159232K, used 142756K [0x00000000c0000000, 0x00000000c9b80000, 0x00000000eab00000)
  object space 159232K, 89% used [0x00000000c0000000,0x00000000c8b69020,0x00000000c9b80000)
 Metaspace       used 82327K, committed 83520K, reserved 1179648K
  class space    used 9023K, committed 9536K, reserved 1048576K
}
Event: 45.562 GC heap before
{Heap before GC invocations=225 (full 8):
 PSYoungGen      total 2560K, used 2272K [0x00000000eab00000, 0x00000000eae80000, 0x0000000100000000)
  eden space 2048K, 100% used [0x00000000eab00000,0x00000000ead00000,0x00000000ead00000)
  from space 512K, 43% used [0x00000000ead80000,0x00000000eadb8000,0x00000000eae00000)
  to   space 512K, 0% used [0x00000000eae00000,0x00000000eae00000,0x00000000eae80000)
 ParOldGen       total 159232K, used 142756K [0x00000000c0000000, 0x00000000c9b80000, 0x00000000eab00000)
  object space 159232K, 89% used [0x00000000c0000000,0x00000000c8b69020,0x00000000c9b80000)
 Metaspace       used 82338K, committed 83520K, reserved 1179648K
  class space    used 9024K, committed 9536K, reserved 1048576K
}
Event: 45.564 GC heap after
{Heap after GC invocations=225 (full 8):
 PSYoungGen      total 2560K, used 460K [0x00000000eab00000, 0x00000000eae80000, 0x0000000100000000)
  eden space 2048K, 0% used [0x00000000eab00000,0x00000000eab00000,0x00000000ead00000)
  from space 512K, 89% used [0x00000000eae00000,0x00000000eae73008,0x00000000eae80000)
  to   space 512K, 0% used [0x00000000ead80000,0x00000000ead80000,0x00000000eae00000)
 ParOldGen       total 159232K, used 143024K [0x00000000c0000000, 0x00000000c9b80000, 0x00000000eab00000)
  object space 159232K, 89% used [0x00000000c0000000,0x00000000c8bac028,0x00000000c9b80000)
 Metaspace       used 82338K, committed 83520K, reserved 1179648K
  class space    used 9024K, committed 9536K, reserved 1048576K
}
Event: 45.580 GC heap before
{Heap before GC invocations=226 (full 8):
 PSYoungGen      total 2560K, used 2508K [0x00000000eab00000, 0x00000000eae80000, 0x0000000100000000)
  eden space 2048K, 100% used [0x00000000eab00000,0x00000000ead00000,0x00000000ead00000)
  from space 512K, 89% used [0x00000000eae00000,0x00000000eae73008,0x00000000eae80000)
  to   space 512K, 0% used [0x00000000ead80000,0x00000000ead80000,0x00000000eae00000)
 ParOldGen       total 159232K, used 143024K [0x00000000c0000000, 0x00000000c9b80000, 0x00000000eab00000)
  object space 159232K, 89% used [0x00000000c0000000,0x00000000c8bac028,0x00000000c9b80000)
 Metaspace       used 82338K, committed 83520K, reserved 1179648K
  class space    used 9024K, committed 9536K, reserved 1048576K
}

